<?xml version="1.0" encoding="UTF-8"?>
<testsuite name="org.custom.date.reader.test.DateObjectReaderTest" time="0.093" tests="7" errors="0" skipped="0" failures="0">
  <properties>
    <property name="java.vendor" value="Oracle Corporation"/>
    <property name="osgi.bundles.defaultStartLevel" value="4"/>
    <property name="sun.java.launcher" value="SUN_STANDARD"/>
    <property name="org.osgi.supports.framework.extension" value="true"/>
    <property name="sun.management.compiler" value="HotSpot 64-Bit Tiered Compilers"/>
    <property name="os.name" value="Windows 7"/>
    <property name="sun.boot.class.path" value="C:\Program Files\Java\jre1.8.0_161\lib\resources.jar;C:\Program Files\Java\jre1.8.0_161\lib\rt.jar;C:\Program Files\Java\jre1.8.0_161\lib\sunrsasign.jar;C:\Program Files\Java\jre1.8.0_161\lib\jsse.jar;C:\Program Files\Java\jre1.8.0_161\lib\jce.jar;C:\Program Files\Java\jre1.8.0_161\lib\charsets.jar;C:\Program Files\Java\jre1.8.0_161\lib\jfr.jar;C:\Program Files\Java\jre1.8.0_161\classes"/>
    <property name="osgi.ws" value="win32"/>
    <property name="sun.desktop" value="windows"/>
    <property name="java.vm.specification.vendor" value="Oracle Corporation"/>
    <property name="java.runtime.version" value="1.8.0_161-b12"/>
    <property name="osgi.instance.area" value="file:/C:/workspace_mars/testArchetypesForIndia/custum-date-reader-parent/custom-date-reader-test/target/work/data/"/>
    <property name="org.osgi.framework.uuid" value="30dfb864-7758-0018-1887-92560a764092"/>
    <property name="osgi.noShutdown" value="false"/>
    <property name="user.name" value="sbuehler"/>
    <property name="org.osgi.framework.system.packages" value="javax.accessibility,javax.activation,javax.activity,javax.annotation,javax.annotation.processing,javax.crypto,javax.crypto.interfaces,javax.crypto.spec,javax.imageio,javax.imageio.event,javax.imageio.metadata,javax.imageio.plugins.bmp,javax.imageio.plugins.jpeg,javax.imageio.spi,javax.imageio.stream,javax.jws,javax.jws.soap,javax.lang.model,javax.lang.model.element,javax.lang.model.type,javax.lang.model.util,javax.management,javax.management.loading,javax.management.modelmbean,javax.management.monitor,javax.management.openmbean,javax.management.relation,javax.management.remote,javax.management.remote.rmi,javax.management.timer,javax.naming,javax.naming.directory,javax.naming.event,javax.naming.ldap,javax.naming.spi,javax.net,javax.net.ssl,javax.print,javax.print.attribute,javax.print.attribute.standard,javax.print.event,javax.rmi,javax.rmi.CORBA,javax.rmi.ssl,javax.script,javax.security.auth,javax.security.auth.callback,javax.security.auth.kerberos,javax.security.auth.login,javax.security.auth.spi,javax.security.auth.x500,javax.security.cert,javax.security.sasl,javax.sound.midi,javax.sound.midi.spi,javax.sound.sampled,javax.sound.sampled.spi,javax.sql,javax.sql.rowset,javax.sql.rowset.serial,javax.sql.rowset.spi,javax.swing,javax.swing.border,javax.swing.colorchooser,javax.swing.event,javax.swing.filechooser,javax.swing.plaf,javax.swing.plaf.basic,javax.swing.plaf.metal,javax.swing.plaf.multi,javax.swing.plaf.nimbus,javax.swing.plaf.synth,javax.swing.table,javax.swing.text,javax.swing.text.html,javax.swing.text.html.parser,javax.swing.text.rtf,javax.swing.tree,javax.swing.undo,javax.tools,javax.transaction,javax.transaction.xa,javax.xml,javax.xml.bind,javax.xml.bind.annotation,javax.xml.bind.annotation.adapters,javax.xml.bind.attachment,javax.xml.bind.helpers,javax.xml.bind.util,javax.xml.crypto,javax.xml.crypto.dom,javax.xml.crypto.dsig,javax.xml.crypto.dsig.dom,javax.xml.crypto.dsig.keyinfo,javax.xml.crypto.dsig.spec,javax.xml.datatype,javax.xml.namespace,javax.xml.parsers,javax.xml.soap,javax.xml.stream,javax.xml.stream.events,javax.xml.stream.util,javax.xml.transform,javax.xml.transform.dom,javax.xml.transform.sax,javax.xml.transform.stax,javax.xml.transform.stream,javax.xml.validation,javax.xml.ws,javax.xml.ws.handler,javax.xml.ws.handler.soap,javax.xml.ws.http,javax.xml.ws.soap,javax.xml.ws.spi,javax.xml.ws.spi.http,javax.xml.ws.wsaddressing,javax.xml.xpath,org.ietf.jgss,org.omg.CORBA,org.omg.CORBA_2_3,org.omg.CORBA_2_3.portable,org.omg.CORBA.DynAnyPackage,org.omg.CORBA.ORBPackage,org.omg.CORBA.portable,org.omg.CORBA.TypeCodePackage,org.omg.CosNaming,org.omg.CosNaming.NamingContextExtPackage,org.omg.CosNaming.NamingContextPackage,org.omg.Dynamic,org.omg.DynamicAny,org.omg.DynamicAny.DynAnyFactoryPackage,org.omg.DynamicAny.DynAnyPackage,org.omg.IOP,org.omg.IOP.CodecFactoryPackage,org.omg.IOP.CodecPackage,org.omg.Messaging,org.omg.PortableInterceptor,org.omg.PortableInterceptor.ORBInitInfoPackage,org.omg.PortableServer,org.omg.PortableServer.CurrentPackage,org.omg.PortableServer.POAManagerPackage,org.omg.PortableServer.POAPackage,org.omg.PortableServer.portable,org.omg.PortableServer.ServantLocatorPackage,org.omg.SendingContext,org.omg.stub.java.rmi,org.w3c.dom,org.w3c.dom.bootstrap,org.w3c.dom.css,org.w3c.dom.events,org.w3c.dom.html,org.w3c.dom.ls,org.w3c.dom.ranges,org.w3c.dom.stylesheets,org.w3c.dom.traversal,org.w3c.dom.views,org.w3c.dom.xpath,org.xml.sax,org.xml.sax.ext,org.xml.sax.helpers"/>
    <property name="equinox.use.ds" value="true"/>
    <property name="pif.log.directory" value="C:\workspace_mars\testArchetypesForIndia\custum-date-reader-parent\custom-date-reader-test\target"/>
    <property name="org.osgi.framework.language" value="en"/>
    <property name="user.language" value="en"/>
    <property name="org.osgi.framework.processor" value="x86-64"/>
    <property name="osgi.syspath" value="c:\Users\sbuehler\.m2\repository\p2\osgi\bundle\org.eclipse.osgi\3.9.1.v20140110-1610"/>
    <property name="sun.boot.library.path" value="C:\Program Files\Java\jre1.8.0_161\bin"/>
    <property name="osgi.manifest.cache" value="C:\workspace_mars\testArchetypesForIndia\custum-date-reader-parent\custom-date-reader-test\target\work\configuration\org.eclipse.osgi\manifests"/>
    <property name="org.osgi.framework.system.capabilities" value="osgi.ee; osgi.ee=&quot;OSGi/Minimum&quot;; version:List&lt;Version&gt;=&quot;1.0, 1.1, 1.2&quot;,osgi.ee; osgi.ee=&quot;JRE&quot;; version:List&lt;Version&gt;=&quot;1.0, 1.1&quot;,osgi.ee; osgi.ee=&quot;JavaSE&quot;; version:List&lt;Version&gt;=&quot;1.0, 1.1, 1.2, 1.3, 1.4, 1.5, 1.6, 1.7, 1.8&quot;"/>
    <property name="java.version" value="1.8.0_161"/>
    <property name="org.osgi.framework.os.name" value="Windows7"/>
    <property name="user.timezone" value="America/Chicago"/>
    <property name="sun.arch.data.model" value="64"/>
    <property name="osgi.bundles" value="reference:file:C:/Users/sbuehler/.m2/repository/p2/osgi/bundle/ch.qos.logback.classic/1.0.13/ch.qos.logback.classic-1.0.13.jar@start,reference:file:C:/Users/sbuehler/.m2/repository/p2/osgi/bundle/ch.qos.logback.core/1.0.13/ch.qos.logback.core-1.0.13.jar@start,reference:file:C:/Users/sbuehler/.m2/repository/p2/osgi/bundle/org.apache.felix.http.bundle/2.3.0/org.apache.felix.http.bundle-2.3.0.jar@start,reference:file:C:/Users/sbuehler/.m2/repository/p2/osgi/bundle/slf4j.api/1.7.5/slf4j.api-1.7.5.jar@start,reference:file:C:/Users/sbuehler/.m2/repository/p2/osgi/bundle/javax.mail/1.4.0.v201005080615/javax.mail-1.4.0.v201005080615.jar@start,reference:file:C:/Users/sbuehler/.m2/repository/p2/osgi/bundle/com.google.guava/14.0.1/com.google.guava-14.0.1.jar@start,reference:file:C:/Users/sbuehler/.m2/repository/customDateReaderParent/custom-date-reader/0.0.1-SNAPSHOT/custom-date-reader-0.0.1-SNAPSHOT.jar@start,reference:file:C:/Users/sbuehler/.m2/repository/p2/osgi/bundle/pie.common/1.5.11.201710192055/pie.common-1.5.11.201710192055.jar@start,reference:file:C:/Users/sbuehler/.m2/repository/p2/osgi/bundle/pie.util/1.5.11.201710192055/pie.util-1.5.11.201710192055.jar@start,reference:file:C:/Users/sbuehler/.m2/repository/p2/osgi/bundle/pif.common/1.5.11.201710192055/pif.common-1.5.11.201710192055.jar@start,reference:file:C:/Users/sbuehler/.m2/repository/p2/osgi/bundle/pif.util/1.5.11.201710192055/pif.util-1.5.11.201710192055.jar@start,reference:file:C:/workspace_mars/testArchetypesForIndia/custum-date-reader-parent/custom-date-reader-test@start,reference:file:C:/Users/sbuehler/.m2/repository/p2/osgi/bundle/pie.engine.mapping/1.5.11.201710192055/pie.engine.mapping-1.5.11.201710192055.jar@start,reference:file:C:/Users/sbuehler/.m2/repository/p2/osgi/bundle/pif.test_utils/1.5.11.201710192055/pif.test_utils-1.5.11.201710192055.jar@start,reference:file:C:/Users/sbuehler/.m2/repository/p2/osgi/bundle/org.junit/4.10.0.v4_10_0_v20120426-0900/org.junit-4.10.0.v4_10_0_v20120426-0900.jar@start,reference:file:C:/Users/sbuehler/.m2/repository/p2/osgi/bundle/org.mockito/1.8.4.v201102171835/org.mockito-1.8.4.v201102171835.jar@start,reference:file:C:/Users/sbuehler/.m2/repository/p2/osgi/bundle/javax.activation/1.1.0.v201108011116/javax.activation-1.1.0.v201108011116.jar@start,reference:file:C:/Users/sbuehler/.m2/repository/p2/osgi/bundle/javax.persistence/2.0.4.v201112161009/javax.persistence-2.0.4.v201112161009.jar@start,reference:file:C:/Users/sbuehler/.m2/repository/p2/osgi/bundle/osgi.enterprise/4.2.0.v201108120515/osgi.enterprise-4.2.0.v201108120515.jar@start,reference:file:C:/Users/sbuehler/.m2/repository/p2/osgi/bundle/javax.ws.rs.javax.ws.rs-api/2.0.0.m10/javax.ws.rs.javax.ws.rs-api-2.0.0.m10.jar@start,reference:file:C:/Users/sbuehler/.m2/repository/p2/osgi/bundle/jcl.over.slf4j/1.7.5/jcl.over.slf4j-1.7.5.jar@start,reference:file:C:/Users/sbuehler/.m2/repository/p2/osgi/bundle/org.apache.commons.codec/1.4.0.v201209201156/org.apache.commons.codec-1.4.0.v201209201156.jar@start,reference:file:C:/Users/sbuehler/.m2/repository/p2/osgi/bundle/org.apache.felix.configadmin/1.6.0/org.apache.felix.configadmin-1.6.0.jar@start,reference:file:C:/Users/sbuehler/.m2/repository/p2/osgi/bundle/org.eclipse.osgi.services/3.3.100.v20130513-1956/org.eclipse.osgi.services-3.3.100.v20130513-1956.jar@start,reference:file:C:/Users/sbuehler/.m2/repository/p2/osgi/bundle/org.codehaus.jackson.mapper/1.6.0.v20101005-0925/org.codehaus.jackson.mapper-1.6.0.v20101005-0925.jar@start,reference:file:C:/Users/sbuehler/.m2/repository/p2/osgi/bundle/org.codehaus.jackson.core/1.6.0.v20101005-0925/org.codehaus.jackson.core-1.6.0.v20101005-0925.jar@start,reference:file:C:/Users/sbuehler/.m2/repository/p2/osgi/bundle/org.mortbay.jetty.util/6.1.23.v201012071420/org.mortbay.jetty.util-6.1.23.v201012071420.jar@start,reference:file:C:/Users/sbuehler/.m2/repository/p2/osgi/bundle/org.apache.httpcomponents.httpclient/4.3.3/org.apache.httpcomponents.httpclient-4.3.3.jar@start,reference:file:C:/Users/sbuehler/.m2/repository/p2/osgi/bundle/org.apache.httpcomponents.httpcore/4.3.3/org.apache.httpcomponents.httpcore-4.3.3.jar@start,reference:file:C:/Users/sbuehler/.m2/repository/p2/osgi/bundle/org.codehaus.jackson.jaxrs/1.6.0.v20101005-1100/org.codehaus.jackson.jaxrs-1.6.0.v20101005-1100.jar@start,reference:file:C:/Users/sbuehler/.m2/repository/p2/osgi/bundle/org.eclipse.core.contenttype/3.4.200.v20130326-1255/org.eclipse.core.contenttype-3.4.200.v20130326-1255.jar@start,reference:file:C:/Users/sbuehler/.m2/repository/p2/osgi/bundle/org.eclipse.equinox.preferences/3.5.100.v20130422-1538/org.eclipse.equinox.preferences-3.5.100.v20130422-1538.jar@start,reference:file:C:/Users/sbuehler/.m2/repository/p2/osgi/bundle/org.eclipse.equinox.registry/3.5.301.v20130717-1549/org.eclipse.equinox.registry-3.5.301.v20130717-1549.jar@start,reference:file:C:/Users/sbuehler/.m2/repository/p2/osgi/bundle/org.eclipse.equinox.common/3.6.200.v20130402-1505/org.eclipse.equinox.common-3.6.200.v20130402-1505.jar@2:start,reference:file:C:/Users/sbuehler/.m2/repository/p2/osgi/bundle/org.eclipse.core.jobs/3.5.300.v20130429-1813/org.eclipse.core.jobs-3.5.300.v20130429-1813.jar@start,reference:file:C:/Users/sbuehler/.m2/repository/p2/osgi/bundle/org.eclipse.core.runtime/3.9.100.v20131218-1515/org.eclipse.core.runtime-3.9.100.v20131218-1515.jar@4:start,reference:file:C:/Users/sbuehler/.m2/repository/p2/osgi/bundle/org.eclipse.equinox.app/1.3.100.v20130327-1442/org.eclipse.equinox.app-1.3.100.v20130327-1442.jar@start,reference:file:C:/Users/sbuehler/.m2/repository/p2/osgi/bundle/org.eclipse.equinox.ds/1.4.101.v20130813-1853/org.eclipse.equinox.ds-1.4.101.v20130813-1853.jar@1:start,reference:file:C:/Users/sbuehler/.m2/repository/p2/osgi/bundle/org.eclipse.equinox.util/1.0.500.v20130404-1337/org.eclipse.equinox.util-1.0.500.v20130404-1337.jar@start,reference:file:C:/Users/sbuehler/.m2/repository/p2/osgi/bundle/org.eclipse.equinox.metatype/1.3.0.v20130327-1442/org.eclipse.equinox.metatype-1.3.0.v20130327-1442.jar@start,reference:file:C:/Users/sbuehler/.m2/repository/p2/osgi/bundle/org.eclipse.persistence.core/2.4.1.v20121003-ad44345/org.eclipse.persistence.core-2.4.1.v20121003-ad44345.jar@start,reference:file:C:/Users/sbuehler/.m2/repository/p2/osgi/bundle/org.h2/1.3.171/org.h2-1.3.171.jar@start,reference:file:C:/Users/sbuehler/.m2/repository/p2/osgi/bundle/org.hamcrest/1.1.0.v20090501071000/org.hamcrest-1.1.0.v20090501071000.jar@start,reference:file:C:/Users/sbuehler/.m2/repository/p2/osgi/bundle/org.hamcrest.core/1.1.0.v20090501071000/org.hamcrest.core-1.1.0.v20090501071000.jar@start,reference:file:C:/Users/sbuehler/.m2/repository/p2/osgi/bundle/org.hamcrest.library/1.1.0.v20090501071000/org.hamcrest.library-1.1.0.v20090501071000.jar@start,reference:file:C:/Users/sbuehler/.m2/repository/p2/osgi/bundle/org.hamcrest.integration/1.1.0.v20090501071000/org.hamcrest.integration-1.1.0.v20090501071000.jar@start,reference:file:C:/Users/sbuehler/.m2/repository/p2/osgi/bundle/org.hamcrest.text/1.1.0.v20090501071000/org.hamcrest.text-1.1.0.v20090501071000.jar@start,reference:file:C:/Users/sbuehler/.m2/repository/p2/osgi/bundle/org.objenesis/1.0.0.v201105211943/org.objenesis-1.0.0.v201105211943.jar@start,reference:file:C:/Users/sbuehler/.m2/repository/p2/osgi/bundle/pif.metrics/1.5.11.201710192055/pif.metrics-1.5.11.201710192055.jar@start,reference:file:C:/Users/sbuehler/.m2/repository/p2/osgi/bundle/pif-cxf-bundle/2.7.4.201505071609/pif-cxf-bundle-2.7.4.201505071609.jar@start,reference:file:C:/Users/sbuehler/.m2/repository/p2/osgi/bundle/pif.jdbc.datasource/1.5.11.201710192055/pif.jdbc.datasource-1.5.11.201710192055.jar@start,reference:file:C:/Users/sbuehler/.m2/repository/p2/osgi/bundle/pif.logger/1.5.11.201710192055/pif.logger-1.5.11.201710192055.jar@1:start,reference:file:C:/Users/sbuehler/.m2/repository/p2/osgi/bundle/pif.scheduler/1.5.11.201710192055/pif.scheduler-1.5.11.201710192055.jar@start,reference:file:C:/Users/sbuehler/.m2/repository/p2/osgi/bundle/pif.test.startup.guard/1.5.11.201710192055/pif.test.startup.guard-1.5.11.201710192055.jar@5:start,reference:file:C:/Users/sbuehler/.m2/repository/p2/osgi/bundle/com.google.gson/2.2.4/com.google.gson-2.2.4.jar@start,reference:file:C:/Users/sbuehler/.m2/repository/p2/osgi/bundle/org.apache.commons.io/2.0.1.v201105210651/org.apache.commons.io-2.0.1.v201105210651.jar@start,reference:file:C:/Users/sbuehler/.m2/repository/p2/osgi/bundle/org.eclipse.equinox.launcher/1.3.0.v20130327-1440/org.eclipse.equinox.launcher-1.3.0.v20130327-1440.jar@start,reference:file:C:/Users/sbuehler/.m2/repository/org/eclipse/tycho/org.eclipse.tycho.surefire.osgibooter/0.26.0/org.eclipse.tycho.surefire.osgibooter-0.26.0.jar@6:start,reference:file:C:/Users/sbuehler/.m2/repository/org/eclipse/tycho/org.eclipse.tycho.surefire.junit47/0.26.0/org.eclipse.tycho.surefire.junit47-0.26.0.jar@start"/>
    <property name="java.endorsed.dirs" value="C:\Program Files\Java\jre1.8.0_161\lib\endorsed"/>
    <property name="sun.cpu.isalist" value="amd64"/>
    <property name="sun.jnu.encoding" value="Cp1252"/>
    <property name="eclipse.application" value="org.eclipse.tycho.surefire.osgibooter.headlesstest"/>
    <property name="file.encoding.pkg" value="sun.io"/>
    <property name="org.osgi.framework.vendor" value="Eclipse"/>
    <property name="file.separator" value="\"/>
    <property name="osgi.debug" value=""/>
    <property name="java.specification.name" value="Java Platform API Specification"/>
    <property name="osgi.checkConfiguration" value="true"/>
    <property name="java.class.version" value="52.0"/>
    <property name="user.country" value="US"/>
    <property name="osgi.configuration.cascaded" value="false"/>
    <property name="java.home" value="C:\Program Files\Java\jre1.8.0_161"/>
    <property name="osgi.os" value="win32"/>
    <property name="eclipse.commands" value="-debug&#10;-consolelog&#10;-data&#10;C:\workspace_mars\testArchetypesForIndia\custum-date-reader-parent\custom-date-reader-test\target\work\data&#10;-install&#10;C:\workspace_mars\testArchetypesForIndia\custum-date-reader-parent\custom-date-reader-test\target\work&#10;-configuration&#10;C:\workspace_mars\testArchetypesForIndia\custum-date-reader-parent\custom-date-reader-test\target\work\configuration&#10;-application&#10;org.eclipse.tycho.surefire.osgibooter.headlesstest&#10;-testproperties&#10;C:\workspace_mars\testArchetypesForIndia\custum-date-reader-parent\custom-date-reader-test\target\surefire.properties&#10;"/>
    <property name="java.vm.info" value="mixed mode"/>
    <property name="os.version" value="6.1"/>
    <property name="osgi.arch" value="x86_64"/>
    <property name="path.separator" value=";"/>
    <property name="java.vm.version" value="25.161-b12"/>
    <property name="org.osgi.supports.framework.fragment" value="true"/>
    <property name="user.variant" value=""/>
    <property name="osgi.framework.shape" value="jar"/>
    <property name="java.awt.printerjob" value="sun.awt.windows.WPrinterJob"/>
    <property name="sun.io.unicode.encoding" value="UnicodeLittle"/>
    <property name="org.osgi.framework.version" value="1.7.0"/>
    <property name="awt.toolkit" value="sun.awt.windows.WToolkit"/>
    <property name="user.script" value=""/>
    <property name="osgi.dev" value="file:/C:/workspace_mars/testArchetypesForIndia/custum-date-reader-parent/custom-date-reader-test/target/work/dev.properties"/>
    <property name="osgi.install.area" value="file:/C:/workspace_mars/testArchetypesForIndia/custum-date-reader-parent/custom-date-reader-test/target/work/"/>
    <property name="osgi.framework" value="file:/C:/Users/sbuehler/.m2/repository/p2/osgi/bundle/org.eclipse.osgi/3.9.1.v20140110-1610/org.eclipse.osgi-3.9.1.v20140110-1610.jar"/>
    <property name="user.home" value="C:\Users\sbuehler"/>
    <property name="osgi.bundlestore" value="C:\workspace_mars\testArchetypesForIndia\custum-date-reader-parent\custom-date-reader-test\target\work\configuration\org.eclipse.osgi\bundles"/>
    <property name="eclipse.consoleLog" value="true"/>
    <property name="java.specification.vendor" value="Oracle Corporation"/>
    <property name="osgi.nl" value="en_US"/>
    <property name="java.library.path" value="C:\Program Files\Java\jre1.8.0_161\bin;C:\Windows\Sun\Java\bin;C:\Windows\system32;C:\Windows;C:/Program Files/Java/jre1.8.0_161/bin/server;C:/Program Files/Java/jre1.8.0_161/bin;C:/Program Files/Java/jre1.8.0_161/lib/amd64;C:\ProgramData\Oracle\Java\javapath;C:\Windows\system32;C:\Windows;C:\Windows\system32\wbem;C:\Program Files\Java\jdk1.8.0_101\jre\bin;C:\Program Files\Java\jdk1.8.0_101;C:\Windows\System32\WindowsPowerShell\v1.0;C:\Program Files\Google\Google Apps Sync\;C:\Program Files\Google\Google Apps Migration\;c:\Program Files (x86)\Microsoft SQL Server\90\Tools\binn;C:\Program Files (x86)\QuickTime\QTSystem;C:\Windows\Microsoft.NET\Framework\v4.0.30319;C:\Program Files (x86)\Microsoft Team Foundation Server 2010 Power Tools\;C:\Program Files (x86)\Microsoft Team Foundation Server 2010 Power Tools\Best Practices Analyzer\;C:\Program Files\Apache Software Foundation\apache-ant-1.9.3\bin;&quot;C:\Program Files (x86)\NUnit 2.6.3\bin&quot;;G:\Groovy2.3.3\groovy-2.3.3\bin;C:\Program Files (x86)\Microsoft SQL Server\100\Tools\Binn\;C:\Program Files\Microsoft SQL Server\100\Tools\Binn\;C:\Program Files\Microsoft SQL Server\100\DTS\Binn\;C:\Program Files (x86)\Microsoft SQL Server\100\Tools\Binn\VSShell\Common7\IDE\;C:\Program Files (x86)\Microsoft Visual Studio 9.0\Common7\IDE\PrivateAssemblies\;C:\Program Files (x86)\Microsoft SQL Server\100\DTS\Binn\;C:\Program Files (x86)\Git\cmd; C:\Program Files (x86)\Git\bin;C:\Program Files\Apache Software Foundation\apache-maven-3.3.9\bin;C:\HashiCorp\Vagrant\bin;C:\Program Files (x86)\QuickTime\QTSystem\;C:\Program Files\nodejs\;C:\Program Files\Microsoft SQL Server\Client SDK\ODBC\110\Tools\Binn\;C:\Program Files (x86)\Microsoft SQL Server\120\Tools\Binn\ManagementStudio\;C:\graphiz\graphviz-2.38\release\bin\;C:\Users\sbuehler\AppData\Local\atom\bin;C:\Users\sbuehler\AppData\Roaming\npm;C:\Users\sbuehler\AppData\Local\Programs\Fiddler;C:\Program Files\eclipse_mars\eclipse;;."/>
    <property name="java.vendor.url" value="http://java.oracle.com/"/>
    <property name="osgi.bundlefile.limit" value="100"/>
    <property name="eclipse.startTime" value="1526413044537"/>
    <property name="org.osgi.framework.os.version" value="6.1.0"/>
    <property name="java.vm.vendor" value="Oracle Corporation"/>
    <property name="java.runtime.name" value="Java(TM) SE Runtime Environment"/>
    <property name="java.class.path" value="C:\Users\sbuehler\.m2\repository\p2\osgi\bundle\org.eclipse.equinox.launcher\1.3.0.v20130327-1440\org.eclipse.equinox.launcher-1.3.0.v20130327-1440.jar"/>
    <property name="sun.java.command" value="C:\Users\sbuehler\.m2\repository\p2\osgi\bundle\org.eclipse.equinox.launcher\1.3.0.v20130327-1440\org.eclipse.equinox.launcher-1.3.0.v20130327-1440.jar -debug -consolelog -data C:\workspace_mars\testArchetypesForIndia\custum-date-reader-parent\custom-date-reader-test\target\work\data -install C:\workspace_mars\testArchetypesForIndia\custum-date-reader-parent\custom-date-reader-test\target\work -configuration C:\workspace_mars\testArchetypesForIndia\custum-date-reader-parent\custom-date-reader-test\target\work\configuration -application org.eclipse.tycho.surefire.osgibooter.headlesstest -testproperties C:\workspace_mars\testArchetypesForIndia\custum-date-reader-parent\custom-date-reader-test\target\surefire.properties"/>
    <property name="java.vm.specification.name" value="Java Virtual Machine Specification"/>
    <property name="java.vm.specification.version" value="1.8"/>
    <property name="sun.os.patch.level" value="Service Pack 1"/>
    <property name="sun.cpu.endian" value="little"/>
    <property name="gosh.args" value="--nointeractive"/>
    <property name="java.io.tmpdir" value="C:\Users\sbuehler\AppData\Local\Temp\"/>
    <property name="java.vendor.url.bug" value="http://bugreport.sun.com/bugreport/"/>
    <property name="eclipse.home.location" value="file:/C:/workspace_mars/testArchetypesForIndia/custum-date-reader-parent/custom-date-reader-test/target/work/"/>
    <property name="java.awt.graphicsenv" value="sun.awt.Win32GraphicsEnvironment"/>
    <property name="os.arch" value="amd64"/>
    <property name="java.ext.dirs" value="C:\Program Files\Java\jre1.8.0_161\lib\ext;C:\Windows\Sun\Java\lib\ext"/>
    <property name="user.dir" value="C:\workspace_mars\testArchetypesForIndia\custum-date-reader-parent\custom-date-reader-test"/>
    <property name="org.osgi.supports.framework.requirebundle" value="true"/>
    <property name="osgi.clean" value="true"/>
    <property name="line.separator" value="&#10;"/>
    <property name="java.vm.name" value="Java HotSpot(TM) 64-Bit Server VM"/>
    <property name="file.encoding" value="UTF-8"/>
    <property name="osgi.framework.version" value="3.9.1.v20140110-1610"/>
    <property name="java.specification.version" value="1.8"/>
    <property name="org.osgi.framework.executionenvironment" value="OSGi/Minimum-1.0,OSGi/Minimum-1.1,OSGi/Minimum-1.2,JRE-1.1,J2SE-1.2,J2SE-1.3,J2SE-1.4,J2SE-1.5,JavaSE-1.6,JavaSE-1.7,JavaSE-1.8"/>
    <property name="osgi.configuration.area" value="file:/C:/workspace_mars/testArchetypesForIndia/custum-date-reader-parent/custom-date-reader-test/target/work/configuration/"/>
    <property name="osgi.logfile" value="C:\workspace_mars\testArchetypesForIndia\custum-date-reader-parent\custom-date-reader-test\target\work\configuration\1526413044826.log"/>
  </properties>
  <testcase name="testFormatDate" classname="org.custom.date.reader.test.DateObjectReaderLinkTest" time="0.064"/>
  <testcase name="testSuccessfulSearchConfig" classname="org.custom.date.reader.test.DateObjectReaderLinkTest" time="0.004"/>
  <testcase name="testMissingParams" classname="org.custom.date.reader.test.DateObjectReaderLinkTest" time="0.003"/>
  <testcase name="testInvalidTimeZone" classname="org.custom.date.reader.test.DateObjectReaderLinkTest" time="0.005"/>
  <testcase name="testInvalidDateFormat" classname="org.custom.date.reader.test.DateObjectReaderLinkTest" time="0.007"/>
  <testcase name="testDateFormat" classname="org.custom.date.reader.test.DateObjectReaderTest" time="0.006"/>
  <testcase name="testInvalidDateFormat" classname="org.custom.date.reader.test.DateObjectReaderTest" time="0.004"/>
</testsuite>